commit 565118eadf0305e37eae5e9f763412b1f46eb130
Author: ahmm1d22 <ahmm1d22@soton.ac.uk>
Date:   Thu Mar 7 18:56:07 2024 +0000

    This is my third and last image

commit bf472cae5bb6a74c5f17a702eb5214fa647c2130
Author: ahmm1d22 <ahmm1d22@soton.ac.uk>
Date:   Thu Mar 7 18:34:36 2024 +0000

    removed the unwanted files

commit 5027b65d2634a45eb0234da0213d194c2596278e
Author: ahmm1d22 <ahmm1d22@soton.ac.uk>
Date:   Thu Mar 7 18:21:49 2024 +0000

    This is my update

commit 24a3f7c65e764161d613f5f1775ea7310165fd10
Author: ahmm1d22 <ahmm1d22@soton.ac.uk>
Date:   Thu Mar 7 17:53:56 2024 +0000

    This is my Latex report

commit 61847eb013dd5d8f59b6f3521c36e3f1378435e6
Author: ahmm1d22 <ahmm1d22@soton.ac.uk>
Date:   Thu Mar 7 17:51:12 2024 +0000

    Delete Latex.log

commit 7b54410773ab325637084b1f1d977bede033e7c8
Author: ahmm1d22 <ahmm1d22@soton.ac.uk>
Date:   Thu Mar 7 17:51:07 2024 +0000

    Delete Latex.tex

commit e43b4bb7db0e9f0d45b86f02c2723dd97e3a48b2
Author: ahmm1d22 <ahmm1d22@soton.ac.uk>
Date:   Thu Mar 7 17:50:55 2024 +0000

    Delete Latex.pdf

commit a7775aeeb1b7310d8a8cfb15078543c93dce551c
Author: ahmm1d22 <ahmm1d22@soton.ac.uk>
Date:   Thu Mar 7 17:46:50 2024 +0000

    Delete HelloWorld.csv

commit 9258dea08cbc1f829a3208a7cc27e5e24ff19c60
Author: ahmm1d22 <ahmm1d22@soton.ac.uk>
Date:   Thu Mar 7 17:20:47 2024 +0000

    Replace Latex.pdf , fixing the error in the script so needeed to update the report

commit 1b3c9b05ecc22d71a65443d9ce2071eea473caf3
Author: ahmm1d22 <ahmm1d22@soton.ac.uk>
Date:   Thu Mar 7 17:18:56 2024 +0000

    Update create_csv.sh , there was an error in the script in the intensity extraction it was <intensitykph> which is wrong change it only to <intensity>

commit 7a6a2569ec4f25c10ba0a4c894fdd35e6a26c76b
Author: ahmm1d22 <ahmm1d22@soton.ac.uk>
Date:   Thu Mar 7 16:27:14 2024 +0000

    This is my Latex report

commit 19ff408f1de6d9b2fa24da75339aeeaab93070ce
Author: ahmm1d22 <ahmm1d22@soton.ac.uk>
Date:   Mon Mar 4 19:00:42 2024 +0000

    This is the last image for the data visualization

commit 87e4e844f9b1dd2e3cde0fb5113b865dfc0719c9
Author: ahmm1d22 <ahmm1d22@soton.ac.uk>
Date:   Mon Mar 4 18:58:50 2024 +0000

    This file is the second image for data visualization

commit 7efeb1a83ab65a3404df0d04b9ca2c0a52489326
Author: ahmm1d22 <ahmm1d22@soton.ac.uk>
Date:   Mon Mar 4 18:56:08 2024 +0000

    This is an image of an extracted data visualization

commit 169f3f6015cf04472f21f08773513777bc65590e
Merge: 6cc1698 526348b
Author: ahmm1d22 <ahmm1d22@soton.ac.uk>
Date:   Fri Mar 1 20:39:25 2024 +0000

    Merge remote-tracking branch 'refs/remotes/origin/main'

commit 6cc1698df8e8d85270bb6dcd5eed7d8584c51e81
Merge: e422000 b648fd5
Author: ahmm1d22 <ahmm1d22@soton.ac.uk>
Date:   Fri Mar 1 20:34:34 2024 +0000

    Merge branch 'python-addon',conflict Resolved.

commit e4220002fce54ece4206c76a6fb675abcb43faba
Author: ahmm1d22 <ahmm1d22@soton.ac.uk>
Date:   Fri Mar 1 19:56:07 2024 +0000

    Initial creation of python-plot-script from working branch

commit b648fd5091ffc7d6dde8ff194faf1829bc5d73f9
Author: ahmm1d22 <ahmm1d22@soton.ac.uk>
Date:   Fri Mar 1 19:56:07 2024 +0000

    Added new function to the python-plot-script from python-addon

commit fb495e2df1860067e9acb56cca2beaadecb23970
Author: ahmm1d22 <ahmm1d22@soton.ac.uk>
Date:   Fri Mar 1 19:56:06 2024 +0000

    Cleaning old scripts

commit 526348b0646cb974cb7f6dcbd4aa4ec4269eb85a
Author: ahmm1d22 <ahmm1d22@soton.ac.uk>
Date:   Fri Mar 1 13:55:14 2024 +0000

    Update create_csv.sh

commit 720b26d94d2a866bb66da4f5810c1302990c3b23
Author: ahmm1d22 <ahmm1d22@soton.ac.uk>
Date:   Fri Mar 1 12:11:24 2024 +0000

    This is my create_csv.sh to extract data from storms

commit 39bf08d925a2bec16cf4657ff109abb6f945ac08
Author: Abdullah Maghrabi <abdullamaghrabi@alMacBook-Pro-alkhas-bAbdullah.local>
Date:   Mon Feb 26 12:17:29 2024 +0000

    add material

commit 1b406d76e48f0da0c53de8d65c485f10d2911b1f
Author: ahmm1d22 <ahmm1d22@soton.ac.uk>
Date:   Wed Feb 14 18:03:27 2024 +0000

    Initial commit
